[2021-02-04T17:30:05.916] [ERROR] default - Unable to delete application table.  Error JSON:  {
  "message": "Requested resource not found: Table: APP_TABLE not found",
  "code": "ResourceNotFoundException",
  "time": "2021-02-04T22:30:05.913Z",
  "requestId": "5VPGC702BQAR9EJ47PELBM51EBVV4KQNSO5AEMVJF66Q9ASUAAJG",
  "statusCode": 400,
  "retryable": false,
  "retryDelay": 26.69473039852105
}
[2021-02-04T17:30:05.927] [ERROR] default - Unable to delete user table.  Error JSON:  {
  "message": "Requested resource not found: Table: USER_TABLE not found",
  "code": "ResourceNotFoundException",
  "time": "2021-02-04T22:30:05.927Z",
  "requestId": "J2PPFP46HKQ6MR1F9P9ITQMK3FVV4KQNSO5AEMVJF66Q9ASUAAJG",
  "statusCode": 400,
  "retryable": false,
  "retryDelay": 4.043220515859092
}
[2021-02-04T17:30:05.931] [ERROR] default - Unable to delete user table.  Error JSON:  {
  "message": "Requested resource not found: Table: FORM_TABLE not found",
  "code": "ResourceNotFoundException",
  "time": "2021-02-04T22:30:05.930Z",
  "requestId": "VLG94G0BCM9TN1SVK74VR350RRVV4KQNSO5AEMVJF66Q9ASUAAJG",
  "statusCode": 400,
  "retryable": false,
  "retryDelay": 45.16145277635689
}
[2021-02-04T17:30:05.934] [ERROR] default - Unable to delete message table.  Error JSON:  {
  "message": "Requested resource not found: Table: MSG_TABLE not found",
  "code": "ResourceNotFoundException",
  "time": "2021-02-04T22:30:05.934Z",
  "requestId": "LUON25QOPMJC6KD2QFBTR6P973VV4KQNSO5AEMVJF66Q9ASUAAJG",
  "statusCode": 400,
  "retryable": false,
  "retryDelay": 19.89035956496946
}
[2021-02-04T17:50:43.366] [ERROR] default - Unable to delete user table.  Error JSON:  {
  "message": "Requested resource not found: Table: FORM_TABLE not found",
  "code": "ResourceNotFoundException",
  "time": "2021-02-04T22:50:43.365Z",
  "requestId": "H9CUUVEAN6AJC0I0KVSQOHAF6BVV4KQNSO5AEMVJF66Q9ASUAAJG",
  "statusCode": 400,
  "retryable": false,
  "retryDelay": 20.992467332548557
}
[2021-02-04T17:50:43.376] [ERROR] default - Unable to delete message table.  Error JSON:  {
  "message": "Requested resource not found: Table: MSG_TABLE not found",
  "code": "ResourceNotFoundException",
  "time": "2021-02-04T22:50:43.376Z",
  "requestId": "OL0QPOE3NENJVP6DPK226M9RFVVV4KQNSO5AEMVJF66Q9ASUAAJG",
  "statusCode": 400,
  "retryable": false,
  "retryDelay": 21.090410898794907
}
[2021-02-04T17:50:43.380] [ERROR] default - Unable to delete user table.  Error JSON:  {
  "message": "Requested resource not found: Table: USER_TABLE not found",
  "code": "ResourceNotFoundException",
  "time": "2021-02-04T22:50:43.380Z",
  "requestId": "36LF9BBG0O2AFH1R5HFL9O060NVV4KQNSO5AEMVJF66Q9ASUAAJG",
  "statusCode": 400,
  "retryable": false,
  "retryDelay": 3.8069848900039283
}
[2021-02-04T17:50:43.383] [ERROR] default - Unable to delete application table.  Error JSON:  {
  "message": "Requested resource not found: Table: APP_TABLE not found",
  "code": "ResourceNotFoundException",
  "time": "2021-02-04T22:50:43.383Z",
  "requestId": "IBD6EJC85K62341L8DGGMS44MNVV4KQNSO5AEMVJF66Q9ASUAAJG",
  "statusCode": 400,
  "retryable": false,
  "retryDelay": 18.410868355315458
}
[2021-02-04T18:11:55.729] [ERROR] default - null
[2021-02-04T18:13:18.555] [ERROR] default - null
[2021-02-04T18:13:54.977] [ERROR] default - null
[2021-02-04T18:15:02.063] [ERROR] default - null
[2021-02-04T18:16:25.888] [ERROR] default - null
[2021-02-04T18:18:41.301] [ERROR] default - ValidationException: Invalid UpdateExpression: An expression attribute value used in expression is not defined; attribute value: :awardedR
    at Request.extractError (C:\Users\gatli\GitHub-TG\projectOne\tuition-reimbursement-system\tuitiontlg\node_modules\aws-sdk\lib\protocol\json.js:52:27)
    at Request.callListeners (C:\Users\gatli\GitHub-TG\projectOne\tuition-reimbursement-system\tuitiontlg\node_modules\aws-sdk\lib\sequential_executor.js:106:20)
    at Request.emit (C:\Users\gatli\GitHub-TG\projectOne\tuition-reimbursement-system\tuitiontlg\node_modules\aws-sdk\lib\sequential_executor.js:78:10)
    at Request.emit (C:\Users\gatli\GitHub-TG\projectOne\tuition-reimbursement-system\tuitiontlg\node_modules\aws-sdk\lib\request.js:688:14)
    at Request.transition (C:\Users\gatli\GitHub-TG\projectOne\tuition-reimbursement-system\tuitiontlg\node_modules\aws-sdk\lib\request.js:22:10)
    at AcceptorStateMachine.runTo (C:\Users\gatli\GitHub-TG\projectOne\tuition-reimbursement-system\tuitiontlg\node_modules\aws-sdk\lib\state_machine.js:14:12)
    at C:\Users\gatli\GitHub-TG\projectOne\tuition-reimbursement-system\tuitiontlg\node_modules\aws-sdk\lib\state_machine.js:26:10
    at Request.<anonymous> (C:\Users\gatli\GitHub-TG\projectOne\tuition-reimbursement-system\tuitiontlg\node_modules\aws-sdk\lib\request.js:38:9)
    at Request.<anonymous> (C:\Users\gatli\GitHub-TG\projectOne\tuition-reimbursement-system\tuitiontlg\node_modules\aws-sdk\lib\request.js:690:12)
    at Request.callListeners (C:\Users\gatli\GitHub-TG\projectOne\tuition-reimbursement-system\tuitiontlg\node_modules\aws-sdk\lib\sequential_executor.js:116:18) {
  code: 'ValidationException',
  time: 2021-02-04T23:18:41.301Z,
  requestId: 'IHAP37CMSVPU75U68EFAACABI7VV4KQNSO5AEMVJF66Q9ASUAAJG',
  statusCode: 400,
  retryable: false,
  retryDelay: 3.8470918584966984
}
[2021-02-04T18:19:08.403] [ERROR] default - null
[2021-02-04T18:29:48.542] [ERROR] default - null
[2021-02-04T18:57:59.900] [ERROR] default - null
[2021-02-04T19:00:52.055] [ERROR] default - ValidationException: The provided key element does not match the schema
    at Request.extractError (C:\Users\gatli\GitHub-TG\projectOne\tuition-reimbursement-system\tuitiontlg\node_modules\aws-sdk\lib\protocol\json.js:52:27)
    at Request.callListeners (C:\Users\gatli\GitHub-TG\projectOne\tuition-reimbursement-system\tuitiontlg\node_modules\aws-sdk\lib\sequential_executor.js:106:20)
    at Request.emit (C:\Users\gatli\GitHub-TG\projectOne\tuition-reimbursement-system\tuitiontlg\node_modules\aws-sdk\lib\sequential_executor.js:78:10)
    at Request.emit (C:\Users\gatli\GitHub-TG\projectOne\tuition-reimbursement-system\tuitiontlg\node_modules\aws-sdk\lib\request.js:688:14)
    at Request.transition (C:\Users\gatli\GitHub-TG\projectOne\tuition-reimbursement-system\tuitiontlg\node_modules\aws-sdk\lib\request.js:22:10)
    at AcceptorStateMachine.runTo (C:\Users\gatli\GitHub-TG\projectOne\tuition-reimbursement-system\tuitiontlg\node_modules\aws-sdk\lib\state_machine.js:14:12)
    at C:\Users\gatli\GitHub-TG\projectOne\tuition-reimbursement-system\tuitiontlg\node_modules\aws-sdk\lib\state_machine.js:26:10
    at Request.<anonymous> (C:\Users\gatli\GitHub-TG\projectOne\tuition-reimbursement-system\tuitiontlg\node_modules\aws-sdk\lib\request.js:38:9)
    at Request.<anonymous> (C:\Users\gatli\GitHub-TG\projectOne\tuition-reimbursement-system\tuitiontlg\node_modules\aws-sdk\lib\request.js:690:12)
    at Request.callListeners (C:\Users\gatli\GitHub-TG\projectOne\tuition-reimbursement-system\tuitiontlg\node_modules\aws-sdk\lib\sequential_executor.js:116:18) {
  code: 'ValidationException',
  time: 2021-02-05T00:00:52.055Z,
  requestId: '9IL68OHQ7DJEKJ21V6K88N7KI7VV4KQNSO5AEMVJF66Q9ASUAAJG',
  statusCode: 400,
  retryable: false,
  retryDelay: 47.786347699039254
}
[2021-02-04T19:00:52.086] [ERROR] default - ValidationException: The provided key element does not match the schema
    at Request.extractError (C:\Users\gatli\GitHub-TG\projectOne\tuition-reimbursement-system\tuitiontlg\node_modules\aws-sdk\lib\protocol\json.js:52:27)
    at Request.callListeners (C:\Users\gatli\GitHub-TG\projectOne\tuition-reimbursement-system\tuitiontlg\node_modules\aws-sdk\lib\sequential_executor.js:106:20)
    at Request.emit (C:\Users\gatli\GitHub-TG\projectOne\tuition-reimbursement-system\tuitiontlg\node_modules\aws-sdk\lib\sequential_executor.js:78:10)
    at Request.emit (C:\Users\gatli\GitHub-TG\projectOne\tuition-reimbursement-system\tuitiontlg\node_modules\aws-sdk\lib\request.js:688:14)
    at Request.transition (C:\Users\gatli\GitHub-TG\projectOne\tuition-reimbursement-system\tuitiontlg\node_modules\aws-sdk\lib\request.js:22:10)
    at AcceptorStateMachine.runTo (C:\Users\gatli\GitHub-TG\projectOne\tuition-reimbursement-system\tuitiontlg\node_modules\aws-sdk\lib\state_machine.js:14:12)
    at C:\Users\gatli\GitHub-TG\projectOne\tuition-reimbursement-system\tuitiontlg\node_modules\aws-sdk\lib\state_machine.js:26:10
    at Request.<anonymous> (C:\Users\gatli\GitHub-TG\projectOne\tuition-reimbursement-system\tuitiontlg\node_modules\aws-sdk\lib\request.js:38:9)
    at Request.<anonymous> (C:\Users\gatli\GitHub-TG\projectOne\tuition-reimbursement-system\tuitiontlg\node_modules\aws-sdk\lib\request.js:690:12)
    at Request.callListeners (C:\Users\gatli\GitHub-TG\projectOne\tuition-reimbursement-system\tuitiontlg\node_modules\aws-sdk\lib\sequential_executor.js:116:18) {
  code: 'ValidationException',
  time: 2021-02-05T00:00:52.086Z,
  requestId: 'GON7SBQCIUDME0J15DCRB2UVCVVV4KQNSO5AEMVJF66Q9ASUAAJG',
  statusCode: 400,
  retryable: false,
  retryDelay: 40.67064324218268
}
[2021-02-04T19:01:22.452] [ERROR] default - null
[2021-03-15T15:09:57.154] [ERROR] default - Unable to delete message table.  Error JSON:  {
  "message": "Requested resource not found: Table: MSG_TABLE not found",
  "code": "ResourceNotFoundException",
  "time": "2021-03-15T19:09:57.152Z",
  "requestId": "H1VILF4BGUAN87VA8VCCJ41QA7VV4KQNSO5AEMVJF66Q9ASUAAJG",
  "statusCode": 400,
  "retryable": false,
  "retryDelay": 0.6105488304716467
}
[2021-03-15T15:09:57.165] [ERROR] default - Unable to delete user table.  Error JSON:  {
  "message": "Requested resource not found: Table: USER_TABLE not found",
  "code": "ResourceNotFoundException",
  "time": "2021-03-15T19:09:57.164Z",
  "requestId": "D6K8JS908DDLUN8FMAOE92KL5VVV4KQNSO5AEMVJF66Q9ASUAAJG",
  "statusCode": 400,
  "retryable": false,
  "retryDelay": 34.10084943687679
}
[2021-03-15T15:09:57.175] [ERROR] default - Unable to delete application table.  Error JSON:  {
  "message": "Requested resource not found: Table: APP_TABLE not found",
  "code": "ResourceNotFoundException",
  "time": "2021-03-15T19:09:57.175Z",
  "requestId": "DQ4IOAFE4MQAERUPFP6MACRRIFVV4KQNSO5AEMVJF66Q9ASUAAJG",
  "statusCode": 400,
  "retryable": false,
  "retryDelay": 46.743483909369864
}
[2021-03-15T15:09:57.179] [ERROR] default - Unable to delete user table.  Error JSON:  {
  "message": "Requested resource not found: Table: FORM_TABLE not found",
  "code": "ResourceNotFoundException",
  "time": "2021-03-15T19:09:57.179Z",
  "requestId": "28DI2ECC4G213URITEOF2VFC2NVV4KQNSO5AEMVJF66Q9ASUAAJG",
  "statusCode": 400,
  "retryable": false,
  "retryDelay": 0.6541148426807308
}
[2021-03-15T15:14:41.179] [ERROR] default - null
[2021-03-15T15:15:19.969] [ERROR] default - null
[2021-03-15T15:46:02.992] [ERROR] default - null
[2021-03-15T15:48:28.737] [ERROR] default - null
[2021-03-15T15:52:32.191] [ERROR] default - null
[2021-03-15T16:03:04.924] [ERROR] default - null
[2021-03-15T16:04:49.898] [ERROR] default - null
[2021-03-15T16:06:16.136] [ERROR] default - null
[2021-03-15T16:11:26.979] [ERROR] default - null
[2021-03-15T16:16:09.991] [ERROR] default - null
[2021-03-15T16:23:44.947] [ERROR] default - null
[2021-03-15T16:31:50.532] [ERROR] default - null
[2021-03-15T16:48:53.144] [ERROR] default - Error ValidationException: One or more parameter values were invalid: Some index key attributes are not defined in AttributeDefinitions. Keys: [employee], AttributeDefinitions: [appId]
    at Request.extractError (C:\Users\gatli\all-repos\GitHub-TG\projectOne\tuition-reimbursement-system\tuitiontlg\node_modules\aws-sdk\lib\protocol\json.js:52:27)
    at Request.callListeners (C:\Users\gatli\all-repos\GitHub-TG\projectOne\tuition-reimbursement-system\tuitiontlg\node_modules\aws-sdk\lib\sequential_executor.js:106:20)
    at Request.emit (C:\Users\gatli\all-repos\GitHub-TG\projectOne\tuition-reimbursement-system\tuitiontlg\node_modules\aws-sdk\lib\sequential_executor.js:78:10)
    at Request.emit (C:\Users\gatli\all-repos\GitHub-TG\projectOne\tuition-reimbursement-system\tuitiontlg\node_modules\aws-sdk\lib\request.js:688:14)
    at Request.transition (C:\Users\gatli\all-repos\GitHub-TG\projectOne\tuition-reimbursement-system\tuitiontlg\node_modules\aws-sdk\lib\request.js:22:10)
    at AcceptorStateMachine.runTo (C:\Users\gatli\all-repos\GitHub-TG\projectOne\tuition-reimbursement-system\tuitiontlg\node_modules\aws-sdk\lib\state_machine.js:14:12)
    at C:\Users\gatli\all-repos\GitHub-TG\projectOne\tuition-reimbursement-system\tuitiontlg\node_modules\aws-sdk\lib\state_machine.js:26:10
    at Request.<anonymous> (C:\Users\gatli\all-repos\GitHub-TG\projectOne\tuition-reimbursement-system\tuitiontlg\node_modules\aws-sdk\lib\request.js:38:9)
    at Request.<anonymous> (C:\Users\gatli\all-repos\GitHub-TG\projectOne\tuition-reimbursement-system\tuitiontlg\node_modules\aws-sdk\lib\request.js:690:12)
    at Request.callListeners (C:\Users\gatli\all-repos\GitHub-TG\projectOne\tuition-reimbursement-system\tuitiontlg\node_modules\aws-sdk\lib\sequential_executor.js:116:18) {
  code: 'ValidationException',
  time: 2021-03-15T20:48:53.144Z,
  requestId: 'AT06G6KBGR95EPHET120MH76KBVV4KQNSO5AEMVJF66Q9ASUAAJG',
  statusCode: 400,
  retryable: false,
  retryDelay: 27.444707767148667
}
[2021-03-15T16:49:39.123] [ERROR] default - null
[2021-03-15T16:52:10.907] [ERROR] default - Unable to delete application table.  Error JSON:  {
  "message": "Requested resource not found: Table: APP_TABLE not found",
  "code": "ResourceNotFoundException",
  "time": "2021-03-15T20:52:10.906Z",
  "requestId": "KF1JNN99D56FUGCJK04TFKE5J7VV4KQNSO5AEMVJF66Q9ASUAAJG",
  "statusCode": 400,
  "retryable": false,
  "retryDelay": 32.64763883984134
}
[2021-03-15T17:05:09.723] [ERROR] default - null
[2021-03-15T17:05:31.801] [ERROR] default - ValidationException: The provided key element does not match the schema
    at Request.extractError (C:\Users\gatli\all-repos\GitHub-TG\projectOne\tuition-reimbursement-system\tuitiontlg\node_modules\aws-sdk\lib\protocol\json.js:52:27)
    at Request.callListeners (C:\Users\gatli\all-repos\GitHub-TG\projectOne\tuition-reimbursement-system\tuitiontlg\node_modules\aws-sdk\lib\sequential_executor.js:106:20)
    at Request.emit (C:\Users\gatli\all-repos\GitHub-TG\projectOne\tuition-reimbursement-system\tuitiontlg\node_modules\aws-sdk\lib\sequential_executor.js:78:10)
    at Request.emit (C:\Users\gatli\all-repos\GitHub-TG\projectOne\tuition-reimbursement-system\tuitiontlg\node_modules\aws-sdk\lib\request.js:688:14)
    at Request.transition (C:\Users\gatli\all-repos\GitHub-TG\projectOne\tuition-reimbursement-system\tuitiontlg\node_modules\aws-sdk\lib\request.js:22:10)
    at AcceptorStateMachine.runTo (C:\Users\gatli\all-repos\GitHub-TG\projectOne\tuition-reimbursement-system\tuitiontlg\node_modules\aws-sdk\lib\state_machine.js:14:12)
    at C:\Users\gatli\all-repos\GitHub-TG\projectOne\tuition-reimbursement-system\tuitiontlg\node_modules\aws-sdk\lib\state_machine.js:26:10
    at Request.<anonymous> (C:\Users\gatli\all-repos\GitHub-TG\projectOne\tuition-reimbursement-system\tuitiontlg\node_modules\aws-sdk\lib\request.js:38:9)
    at Request.<anonymous> (C:\Users\gatli\all-repos\GitHub-TG\projectOne\tuition-reimbursement-system\tuitiontlg\node_modules\aws-sdk\lib\request.js:690:12)
    at Request.callListeners (C:\Users\gatli\all-repos\GitHub-TG\projectOne\tuition-reimbursement-system\tuitiontlg\node_modules\aws-sdk\lib\sequential_executor.js:116:18) {
  code: 'ValidationException',
  time: 2021-03-15T21:05:31.801Z,
  requestId: '5JRAS9E8BUFIK7SAA4UNV66E1BVV4KQNSO5AEMVJF66Q9ASUAAJG',
  statusCode: 400,
  retryable: false,
  retryDelay: 5.204850425225138
}
[2021-03-15T17:05:31.809] [ERROR] default - ValidationException: The provided key element does not match the schema
    at Request.extractError (C:\Users\gatli\all-repos\GitHub-TG\projectOne\tuition-reimbursement-system\tuitiontlg\node_modules\aws-sdk\lib\protocol\json.js:52:27)
    at Request.callListeners (C:\Users\gatli\all-repos\GitHub-TG\projectOne\tuition-reimbursement-system\tuitiontlg\node_modules\aws-sdk\lib\sequential_executor.js:106:20)
    at Request.emit (C:\Users\gatli\all-repos\GitHub-TG\projectOne\tuition-reimbursement-system\tuitiontlg\node_modules\aws-sdk\lib\sequential_executor.js:78:10)
    at Request.emit (C:\Users\gatli\all-repos\GitHub-TG\projectOne\tuition-reimbursement-system\tuitiontlg\node_modules\aws-sdk\lib\request.js:688:14)
    at Request.transition (C:\Users\gatli\all-repos\GitHub-TG\projectOne\tuition-reimbursement-system\tuitiontlg\node_modules\aws-sdk\lib\request.js:22:10)
    at AcceptorStateMachine.runTo (C:\Users\gatli\all-repos\GitHub-TG\projectOne\tuition-reimbursement-system\tuitiontlg\node_modules\aws-sdk\lib\state_machine.js:14:12)
    at C:\Users\gatli\all-repos\GitHub-TG\projectOne\tuition-reimbursement-system\tuitiontlg\node_modules\aws-sdk\lib\state_machine.js:26:10
    at Request.<anonymous> (C:\Users\gatli\all-repos\GitHub-TG\projectOne\tuition-reimbursement-system\tuitiontlg\node_modules\aws-sdk\lib\request.js:38:9)
    at Request.<anonymous> (C:\Users\gatli\all-repos\GitHub-TG\projectOne\tuition-reimbursement-system\tuitiontlg\node_modules\aws-sdk\lib\request.js:690:12)
    at Request.callListeners (C:\Users\gatli\all-repos\GitHub-TG\projectOne\tuition-reimbursement-system\tuitiontlg\node_modules\aws-sdk\lib\sequential_executor.js:116:18) {
  code: 'ValidationException',
  time: 2021-03-15T21:05:31.809Z,
  requestId: '1PLT2N1FMHKPIINV5T80LIGSH3VV4KQNSO5AEMVJF66Q9ASUAAJG',
  statusCode: 400,
  retryable: false,
  retryDelay: 3.8676643709914083
}
[2021-03-15T17:05:42.536] [ERROR] default - ValidationException: The provided key element does not match the schema
    at Request.extractError (C:\Users\gatli\all-repos\GitHub-TG\projectOne\tuition-reimbursement-system\tuitiontlg\node_modules\aws-sdk\lib\protocol\json.js:52:27)
    at Request.callListeners (C:\Users\gatli\all-repos\GitHub-TG\projectOne\tuition-reimbursement-system\tuitiontlg\node_modules\aws-sdk\lib\sequential_executor.js:106:20)
    at Request.emit (C:\Users\gatli\all-repos\GitHub-TG\projectOne\tuition-reimbursement-system\tuitiontlg\node_modules\aws-sdk\lib\sequential_executor.js:78:10)
    at Request.emit (C:\Users\gatli\all-repos\GitHub-TG\projectOne\tuition-reimbursement-system\tuitiontlg\node_modules\aws-sdk\lib\request.js:688:14)
    at Request.transition (C:\Users\gatli\all-repos\GitHub-TG\projectOne\tuition-reimbursement-system\tuitiontlg\node_modules\aws-sdk\lib\request.js:22:10)
    at AcceptorStateMachine.runTo (C:\Users\gatli\all-repos\GitHub-TG\projectOne\tuition-reimbursement-system\tuitiontlg\node_modules\aws-sdk\lib\state_machine.js:14:12)
    at C:\Users\gatli\all-repos\GitHub-TG\projectOne\tuition-reimbursement-system\tuitiontlg\node_modules\aws-sdk\lib\state_machine.js:26:10
    at Request.<anonymous> (C:\Users\gatli\all-repos\GitHub-TG\projectOne\tuition-reimbursement-system\tuitiontlg\node_modules\aws-sdk\lib\request.js:38:9)
    at Request.<anonymous> (C:\Users\gatli\all-repos\GitHub-TG\projectOne\tuition-reimbursement-system\tuitiontlg\node_modules\aws-sdk\lib\request.js:690:12)
    at Request.callListeners (C:\Users\gatli\all-repos\GitHub-TG\projectOne\tuition-reimbursement-system\tuitiontlg\node_modules\aws-sdk\lib\sequential_executor.js:116:18) {
  code: 'ValidationException',
  time: 2021-03-15T21:05:42.536Z,
  requestId: '2HOBVRMINSSRQIDV7IOJQ7U81VVV4KQNSO5AEMVJF66Q9ASUAAJG',
  statusCode: 400,
  retryable: false,
  retryDelay: 22.577789308193076
}
[2021-03-15T17:05:42.579] [ERROR] default - ValidationException: The provided key element does not match the schema
    at Request.extractError (C:\Users\gatli\all-repos\GitHub-TG\projectOne\tuition-reimbursement-system\tuitiontlg\node_modules\aws-sdk\lib\protocol\json.js:52:27)
    at Request.callListeners (C:\Users\gatli\all-repos\GitHub-TG\projectOne\tuition-reimbursement-system\tuitiontlg\node_modules\aws-sdk\lib\sequential_executor.js:106:20)
    at Request.emit (C:\Users\gatli\all-repos\GitHub-TG\projectOne\tuition-reimbursement-system\tuitiontlg\node_modules\aws-sdk\lib\sequential_executor.js:78:10)
    at Request.emit (C:\Users\gatli\all-repos\GitHub-TG\projectOne\tuition-reimbursement-system\tuitiontlg\node_modules\aws-sdk\lib\request.js:688:14)
    at Request.transition (C:\Users\gatli\all-repos\GitHub-TG\projectOne\tuition-reimbursement-system\tuitiontlg\node_modules\aws-sdk\lib\request.js:22:10)
    at AcceptorStateMachine.runTo (C:\Users\gatli\all-repos\GitHub-TG\projectOne\tuition-reimbursement-system\tuitiontlg\node_modules\aws-sdk\lib\state_machine.js:14:12)
    at C:\Users\gatli\all-repos\GitHub-TG\projectOne\tuition-reimbursement-system\tuitiontlg\node_modules\aws-sdk\lib\state_machine.js:26:10
    at Request.<anonymous> (C:\Users\gatli\all-repos\GitHub-TG\projectOne\tuition-reimbursement-system\tuitiontlg\node_modules\aws-sdk\lib\request.js:38:9)
    at Request.<anonymous> (C:\Users\gatli\all-repos\GitHub-TG\projectOne\tuition-reimbursement-system\tuitiontlg\node_modules\aws-sdk\lib\request.js:690:12)
    at Request.callListeners (C:\Users\gatli\all-repos\GitHub-TG\projectOne\tuition-reimbursement-system\tuitiontlg\node_modules\aws-sdk\lib\sequential_executor.js:116:18) {
  code: 'ValidationException',
  time: 2021-03-15T21:05:42.579Z,
  requestId: 'CKP8R5RB3P9TPV41J7KE3MJ73BVV4KQNSO5AEMVJF66Q9ASUAAJG',
  statusCode: 400,
  retryable: false,
  retryDelay: 48.09145085583606
}
[2021-03-15T17:12:29.553] [ERROR] default - null
[2021-03-15T17:12:54.239] [ERROR] default - ValidationException: The provided key element does not match the schema
    at Request.extractError (C:\Users\gatli\all-repos\GitHub-TG\projectOne\tuition-reimbursement-system\tuitiontlg\node_modules\aws-sdk\lib\protocol\json.js:52:27)
    at Request.callListeners (C:\Users\gatli\all-repos\GitHub-TG\projectOne\tuition-reimbursement-system\tuitiontlg\node_modules\aws-sdk\lib\sequential_executor.js:106:20)
    at Request.emit (C:\Users\gatli\all-repos\GitHub-TG\projectOne\tuition-reimbursement-system\tuitiontlg\node_modules\aws-sdk\lib\sequential_executor.js:78:10)
    at Request.emit (C:\Users\gatli\all-repos\GitHub-TG\projectOne\tuition-reimbursement-system\tuitiontlg\node_modules\aws-sdk\lib\request.js:688:14)
    at Request.transition (C:\Users\gatli\all-repos\GitHub-TG\projectOne\tuition-reimbursement-system\tuitiontlg\node_modules\aws-sdk\lib\request.js:22:10)
    at AcceptorStateMachine.runTo (C:\Users\gatli\all-repos\GitHub-TG\projectOne\tuition-reimbursement-system\tuitiontlg\node_modules\aws-sdk\lib\state_machine.js:14:12)
    at C:\Users\gatli\all-repos\GitHub-TG\projectOne\tuition-reimbursement-system\tuitiontlg\node_modules\aws-sdk\lib\state_machine.js:26:10
    at Request.<anonymous> (C:\Users\gatli\all-repos\GitHub-TG\projectOne\tuition-reimbursement-system\tuitiontlg\node_modules\aws-sdk\lib\request.js:38:9)
    at Request.<anonymous> (C:\Users\gatli\all-repos\GitHub-TG\projectOne\tuition-reimbursement-system\tuitiontlg\node_modules\aws-sdk\lib\request.js:690:12)
    at Request.callListeners (C:\Users\gatli\all-repos\GitHub-TG\projectOne\tuition-reimbursement-system\tuitiontlg\node_modules\aws-sdk\lib\sequential_executor.js:116:18) {
  code: 'ValidationException',
  time: 2021-03-15T21:12:54.238Z,
  requestId: 'JSHQHJMDGC00O26UE1IHVO6QHVVV4KQNSO5AEMVJF66Q9ASUAAJG',
  statusCode: 400,
  retryable: false,
  retryDelay: 38.87213244754209
}
[2021-04-05T08:18:38.331] [ERROR] default - Unable to delete user table.  Error JSON:  {
  "message": "Requested resource not found: Table: FORM_TABLE not found",
  "code": "ResourceNotFoundException",
  "time": "2021-04-05T12:18:38.329Z",
  "requestId": "OP71VBOIQS24FUCNPVV0HI1T5BVV4KQNSO5AEMVJF66Q9ASUAAJG",
  "statusCode": 400,
  "retryable": false,
  "retryDelay": 33.684075308556174
}
[2021-04-05T08:18:38.343] [ERROR] default - Unable to delete user table.  Error JSON:  {
  "message": "Requested resource not found: Table: USER_TABLE not found",
  "code": "ResourceNotFoundException",
  "time": "2021-04-05T12:18:38.342Z",
  "requestId": "8H6C38DNQL78534RN29CHP2N5JVV4KQNSO5AEMVJF66Q9ASUAAJG",
  "statusCode": 400,
  "retryable": false,
  "retryDelay": 11.348644115397487
}
[2021-04-05T08:18:38.348] [ERROR] default - Unable to delete message table.  Error JSON:  {
  "message": "Requested resource not found: Table: MSG_TABLE not found",
  "code": "ResourceNotFoundException",
  "time": "2021-04-05T12:18:38.348Z",
  "requestId": "GTVGF9K7IPQLRUA5F0GOOIFFOBVV4KQNSO5AEMVJF66Q9ASUAAJG",
  "statusCode": 400,
  "retryable": false,
  "retryDelay": 3.82806374594189
}
[2021-04-05T08:18:38.373] [ERROR] default - Unable to delete application table.  Error JSON:  {
  "message": "Requested resource not found: Table: APP_TABLE not found",
  "code": "ResourceNotFoundException",
  "time": "2021-04-05T12:18:38.373Z",
  "requestId": "K48DJ5SU9K61TFC9ETS45VD1KNVV4KQNSO5AEMVJF66Q9ASUAAJG",
  "statusCode": 400,
  "retryable": false,
  "retryDelay": 11.244994775961093
}
